<?xml version="1.0" encoding="UTF-8"?>
<!-- Generated by org.testng.reporters.JUnitReportReporter -->
<testsuite hostname="SPA_LP11" name="myPackage.SmokeTest" tests="1" failures="0" timestamp="19 Sep 2015 16:42:47 GMT" time="54.948" errors="0">
  <testcase name="loginTest" time="54.948" classname="myPackage.SmokeTest"/>
</testsuite> <!-- myPackage.SmokeTest -->
